<?xml version="1.0" encoding="UTF-8"?>
<!-- Generated by org.testng.reporters.JUnitReportReporter -->
<testsuite skipped="0" hostname="DESKTOP-HM2UP7H" name="test.java.movie.common.test.FileReaderTest" tests="1" failures="0" timestamp="14 Apr 2018 13:36:48 GMT" time="11.187" errors="0">
  <testcase name="deleteMovies" time="11.187" classname="test.java.movie.common.test.FileReaderTest"/>
</testsuite> <!-- test.java.movie.common.test.FileReaderTest -->
