<?xml version="1.0" encoding="UTF-8"?>
<!-- Generated by org.testng.reporters.JUnitReportReporter -->
<testsuite skipped="0" hostname="DESKTOP-K0QCT21" name="test.java.movie.common.test.FileReaderTest" tests="1" failures="0" timestamp="15 Apr 2018 08:27:29 GMT" time="11.854" errors="0">
  <testcase name="listMovieTypeTest" time="11.854" classname="test.java.movie.common.test.FileReaderTest"/>
</testsuite> <!-- test.java.movie.common.test.FileReaderTest -->
